<?xml version="1.0" encoding="UTF-8"?>
<testsuite name="Ecom.Booking_End to End Testing"
           tests="7"
           failures="0"
           errors="0"
           skipped="0"
           time="15.872">
    <properties></properties>



            <testcase
                name="createBookingPOSTMethod"
                time="1.490"
                classname="org.ecom_booking.CRUD.EcomBookingEndToEndTesting">
            </testcase>
            <testcase
                name="fullyUpdatePUTMethod"
                time="1.514"
                classname="org.ecom_booking.CRUD.EcomBookingEndToEndTesting">
            </testcase>
            <testcase
                name="getParticularBookingGETMethod"
                time="1.367"
                classname="org.ecom_booking.CRUD.EcomBookingEndToEndTesting">
            </testcase>
            <testcase
                name="deleteBookingDELETEMethod"
                time="1.289"
                classname="org.ecom_booking.CRUD.EcomBookingEndToEndTesting">
            </testcase>
            <testcase
                name="partiallyUpdatePUTMethod"
                time="1.352"
                classname="org.ecom_booking.CRUD.EcomBookingEndToEndTesting">
            </testcase>
            <testcase
                name="createAuthTokenPOSTMethod"
                time="7.495"
                classname="org.ecom_booking.CRUD.EcomBookingEndToEndTesting">
            </testcase>
            <testcase
                name="checkParticularBookingIDGETMethod"
                time="1.365"
                classname="org.ecom_booking.CRUD.EcomBookingEndToEndTesting">
            </testcase>
</testsuite>
